<?xml version="1.0" encoding="UTF-8"?>
<!-- Generated by org.testng.reporters.JUnitReportReporter -->
<testsuite hostname="LAPTOP-CCJ7C4DN" failures="0" tests="1" name="appiumTest.AppiumFirstApp.eCommerce_TC_1" time="34.967" errors="0" timestamp="2025-05-23T08:05:04 IST" skipped="0">
  <testcase classname="appiumTest.AppiumFirstApp.eCommerce_TC_1" name="totalPriceCheck" time="34.967"/>
</testsuite> <!-- appiumTest.AppiumFirstApp.eCommerce_TC_1 -->
