<?xml version="1.0" encoding="UTF-8"?>
<!-- Generated by org.testng.reporters.JUnitReportReporter -->
<testsuite hostname="LAPTOP-CCJ7C4DN" failures="0" tests="1" name="appiumTest.AppiumFirstApp.firstAppium" time="51.780" errors="0" timestamp="2025-05-06T08:54:03 IST" skipped="0">
  <testcase classname="appiumTest.AppiumFirstApp.firstAppium" name="test" time="51.780"/>
</testsuite> <!-- appiumTest.AppiumFirstApp.firstAppium -->
