<?xml version="1.0" encoding="UTF-8"?>
<!-- Generated by org.testng.reporters.JUnitReportReporter -->
<testsuite hostname="LAPTOP-CCJ7C4DN" failures="0" tests="1" name="appiumTest.AppiumFirstApp.eCommerce_TC_1" time="49.755" errors="0" timestamp="2025-05-07T08:47:45 IST" skipped="0">
  <testcase classname="appiumTest.AppiumFirstApp.eCommerce_TC_1" name="test" time="49.755"/>
</testsuite> <!-- appiumTest.AppiumFirstApp.eCommerce_TC_1 -->
